d:\4절링크\ncb_mfcex\mfcapplication2\debug\ncb_mfcex.pch
d:\4절링크\ncb_mfcex\mfcapplication2\debug\vc120.pdb
d:\4절링크\ncb_mfcex\mfcapplication2\debug\vc120.idb
d:\4절링크\ncb_mfcex\mfcapplication2\debug\stdafx.obj
d:\4절링크\ncb_mfcex\mfcapplication2\debug\fvector.obj
d:\4절링크\ncb_mfcex\mfcapplication2\debug\ncb_anotherview1.obj
d:\4절링크\ncb_mfcex\mfcapplication2\debug\mainfrm.obj
d:\4절링크\ncb_mfcex\mfcapplication2\debug\ncb_anotherview3.obj
d:\4절링크\ncb_mfcex\mfcapplication2\debug\ncb_anotherview4.obj
d:\4절링크\ncb_mfcex\mfcapplication2\debug\ncb_moveview.obj
d:\4절링크\ncb_mfcex\mfcapplication2\debug\ncb_mfcex.obj
d:\4절링크\ncb_mfcex\mfcapplication2\debug\ncb_mfcexdoc.obj
d:\4절링크\ncb_mfcex\mfcapplication2\debug\ncb_mfcexview.obj
d:\4절링크\ncb_mfcex\mfcapplication2\debug\ncb_anotherview2.obj
d:\4절링크\ncb_mfcex\mfcapplication2\debug\ncb_dialog.obj
d:\4절링크\ncb_mfcex\debug\ncb_mfcex.ilk
d:\4절링크\ncb_mfcex\debug\ncb_mfcex.exe
d:\4절링크\ncb_mfcex\debug\ncb_mfcex.pdb
d:\4절링크\ncb_mfcex\mfcapplication2\debug\ncb_mfcex.res
d:\4절링크\ncb_mfcex\mfcapplication2\debug\ncb_mfcex.tlog\cl.command.1.tlog
d:\4절링크\ncb_mfcex\mfcapplication2\debug\ncb_mfcex.tlog\cl.read.1.tlog
d:\4절링크\ncb_mfcex\mfcapplication2\debug\ncb_mfcex.tlog\cl.write.1.tlog
d:\4절링크\ncb_mfcex\mfcapplication2\debug\ncb_mfcex.tlog\link.command.1.tlog
d:\4절링크\ncb_mfcex\mfcapplication2\debug\ncb_mfcex.tlog\link.read.1.tlog
d:\4절링크\ncb_mfcex\mfcapplication2\debug\ncb_mfcex.tlog\link.write.1.tlog
d:\4절링크\ncb_mfcex\mfcapplication2\debug\ncb_mfcex.tlog\rc.command.1.tlog
d:\4절링크\ncb_mfcex\mfcapplication2\debug\ncb_mfcex.tlog\rc.read.1.tlog
d:\4절링크\ncb_mfcex\mfcapplication2\debug\ncb_mfcex.tlog\rc.write.1.tlog
